2025-06-24 20:18:48 [INFO] routes\parametes.py - Getting parameters for strategy: EMACrossoverMultiTimeFrame
2025-06-24 20:18:51 [INFO] routes\backtest.py - Getting all backtests grouped by strategy
2025-06-24 20:18:51 [INFO] routes\strategies.py - Getting strategies
2025-06-24 20:18:51 [INFO] routes\backtest.py - Getting all backtests grouped by strategy
2025-06-24 20:18:51 [INFO] routes\strategies.py - Getting strategies
2025-06-24 20:18:52 [INFO] routes\backtest.py - Getting all backtests grouped by strategy
2025-06-24 20:18:53 [INFO] routes\backtest.py - Getting all backtests grouped by strategy
2025-06-24 20:18:54 [INFO] routes\backtest.py - Getting all backtests grouped by strategy
2025-06-24 20:18:55 [INFO] routes\backtest.py - Getting all backtests grouped by strategy
2025-06-24 20:18:56 [INFO] routes\backtest.py - Getting backtest details for ID: 3
2025-06-24 20:18:56 [INFO] helpers\db.py - Strategy row: (2,)
2025-06-24 20:18:56 [INFO] routes\backtest.py - Getting backtest details for ID: 3
2025-06-24 20:18:56 [INFO] helpers\db.py - Strategy row: (2,)
2025-06-24 20:19:03 [INFO] routes\backtest.py - Getting all backtests grouped by strategy
2025-06-24 20:19:03 [INFO] routes\strategies.py - Getting strategies
2025-06-24 20:19:03 [INFO] routes\backtest.py - Getting all backtests grouped by strategy
2025-06-24 20:19:03 [INFO] routes\strategies.py - Getting strategies
2025-06-24 20:19:04 [INFO] routes\backtest.py - Getting all backtests grouped by strategy
2025-06-24 20:19:05 [INFO] routes\backtest.py - Getting all backtests grouped by strategy
2025-06-24 20:19:06 [INFO] routes\backtest.py - Getting all backtests grouped by strategy
2025-06-24 20:19:07 [INFO] routes\backtest.py - Getting all backtests grouped by strategy
2025-06-24 20:19:08 [INFO] routes\backtest.py - Getting all backtests grouped by strategy
2025-06-24 20:19:09 [INFO] routes\backtest.py - Getting all backtests grouped by strategy
2025-06-24 20:19:10 [INFO] routes\backtest.py - Getting all backtests grouped by strategy
2025-06-24 20:19:11 [INFO] routes\backtest.py - Getting all backtests grouped by strategy
2025-06-24 20:19:12 [INFO] routes\backtest.py - Getting all backtests grouped by strategy
2025-06-24 20:19:13 [INFO] routes\backtest.py - Getting all backtests grouped by strategy
2025-06-24 20:19:14 [INFO] routes\backtest.py - Getting all backtests grouped by strategy
2025-06-24 20:19:15 [INFO] routes\backtest.py - Getting all backtests grouped by strategy
2025-06-24 20:19:16 [INFO] routes\backtest.py - Getting all backtests grouped by strategy
2025-06-24 20:19:17 [INFO] routes\backtest.py - Getting all backtests grouped by strategy
2025-06-24 20:19:18 [INFO] routes\backtest.py - Getting all backtests grouped by strategy
2025-06-24 20:19:19 [INFO] routes\backtest.py - Getting all backtests grouped by strategy
2025-06-24 20:19:20 [INFO] routes\backtest.py - Getting all backtests grouped by strategy
2025-06-24 20:19:21 [INFO] routes\backtest.py - Getting all backtests grouped by strategy
2025-06-24 20:19:22 [INFO] routes\backtest.py - Getting all backtests grouped by strategy
2025-06-24 20:19:23 [INFO] routes\backtest.py - Getting all backtests grouped by strategy
2025-06-24 20:19:24 [INFO] routes\backtest.py - Getting all backtests grouped by strategy
2025-06-24 20:19:25 [INFO] routes\backtest.py - Getting all backtests grouped by strategy
2025-06-24 20:19:26 [INFO] routes\backtest.py - Getting all backtests grouped by strategy
2025-06-24 20:19:27 [INFO] routes\backtest.py - Getting all backtests grouped by strategy
2025-06-24 20:19:28 [INFO] routes\backtest.py - Getting all backtests grouped by strategy
2025-06-24 20:19:29 [INFO] routes\backtest.py - Getting all backtests grouped by strategy
2025-06-24 20:19:30 [INFO] routes\backtest.py - Getting all backtests grouped by strategy
2025-06-24 20:19:31 [INFO] routes\backtest.py - Getting all backtests grouped by strategy
2025-06-24 20:19:32 [INFO] routes\backtest.py - Getting all backtests grouped by strategy
2025-06-24 20:19:33 [INFO] routes\backtest.py - Getting all backtests grouped by strategy
2025-06-24 20:19:34 [INFO] routes\backtest.py - Getting all backtests grouped by strategy
2025-06-24 20:19:35 [INFO] routes\backtest.py - Getting all backtests grouped by strategy
2025-06-24 20:19:36 [INFO] routes\backtest.py - Getting all backtests grouped by strategy
2025-06-24 20:19:37 [INFO] routes\backtest.py - Getting all backtests grouped by strategy
2025-06-24 20:19:38 [INFO] routes\backtest.py - Getting all backtests grouped by strategy
2025-06-24 20:19:39 [INFO] routes\backtest.py - Getting all backtests grouped by strategy
2025-06-24 20:19:40 [INFO] routes\backtest.py - Getting all backtests grouped by strategy
2025-06-24 20:19:41 [INFO] routes\backtest.py - Getting all backtests grouped by strategy
2025-06-24 20:19:42 [INFO] routes\backtest.py - Getting all backtests grouped by strategy
2025-06-24 20:19:43 [INFO] routes\backtest.py - Getting all backtests grouped by strategy
2025-06-24 20:19:44 [INFO] routes\backtest.py - Getting all backtests grouped by strategy
2025-06-24 20:19:45 [INFO] routes\backtest.py - Getting all backtests grouped by strategy
2025-06-24 20:19:46 [INFO] routes\backtest.py - Getting all backtests grouped by strategy
2025-06-24 20:19:47 [INFO] routes\backtest.py - Getting all backtests grouped by strategy
2025-06-24 20:19:48 [INFO] routes\backtest.py - Getting all backtests grouped by strategy
2025-06-24 20:19:49 [INFO] routes\backtest.py - Getting all backtests grouped by strategy
2025-06-24 20:19:50 [INFO] routes\backtest.py - Getting all backtests grouped by strategy
2025-06-24 20:19:51 [INFO] routes\backtest.py - Getting all backtests grouped by strategy
2025-06-24 20:19:52 [INFO] routes\backtest.py - Getting all backtests grouped by strategy
2025-06-24 20:19:53 [INFO] routes\backtest.py - Getting all backtests grouped by strategy
2025-06-24 20:19:54 [INFO] routes\backtest.py - Getting all backtests grouped by strategy
2025-06-24 20:19:55 [INFO] routes\backtest.py - Getting all backtests grouped by strategy
2025-06-24 20:19:56 [INFO] routes\backtest.py - Getting all backtests grouped by strategy
2025-06-24 20:19:57 [INFO] routes\backtest.py - Getting all backtests grouped by strategy
2025-06-24 20:19:58 [INFO] routes\backtest.py - Getting all backtests grouped by strategy
2025-06-24 20:19:59 [INFO] routes\backtest.py - Getting all backtests grouped by strategy
2025-06-24 20:20:00 [INFO] routes\backtest.py - Getting all backtests grouped by strategy
2025-06-24 20:20:01 [INFO] routes\backtest.py - Getting all backtests grouped by strategy
2025-06-24 20:20:02 [INFO] routes\backtest.py - Getting all backtests grouped by strategy
2025-06-24 20:20:03 [INFO] routes\backtest.py - Getting all backtests grouped by strategy
2025-06-24 20:20:04 [INFO] routes\backtest.py - Getting all backtests grouped by strategy
2025-06-24 20:20:05 [INFO] routes\backtest.py - Getting all backtests grouped by strategy
2025-06-24 20:20:06 [INFO] routes\backtest.py - Getting all backtests grouped by strategy
2025-06-24 20:20:07 [INFO] routes\backtest.py - Getting all backtests grouped by strategy
2025-06-24 20:20:08 [INFO] routes\backtest.py - Getting all backtests grouped by strategy
2025-06-24 20:20:09 [INFO] routes\backtest.py - Getting all backtests grouped by strategy
2025-06-24 20:20:10 [INFO] routes\backtest.py - Getting all backtests grouped by strategy
2025-06-24 20:20:11 [INFO] routes\backtest.py - Getting all backtests grouped by strategy
2025-06-24 20:20:12 [INFO] routes\backtest.py - Getting all backtests grouped by strategy
2025-06-24 20:20:13 [INFO] routes\backtest.py - Getting all backtests grouped by strategy
2025-06-24 20:20:14 [INFO] routes\backtest.py - Getting all backtests grouped by strategy
2025-06-24 20:20:15 [INFO] routes\backtest.py - Getting all backtests grouped by strategy
2025-06-24 20:20:16 [INFO] routes\backtest.py - Getting all backtests grouped by strategy
2025-06-24 20:20:17 [INFO] routes\backtest.py - Getting all backtests grouped by strategy
2025-06-24 20:20:18 [INFO] routes\backtest.py - Getting all backtests grouped by strategy
2025-06-24 20:20:19 [INFO] routes\backtest.py - Getting all backtests grouped by strategy
2025-06-24 20:20:20 [INFO] routes\backtest.py - Getting all backtests grouped by strategy
2025-06-24 20:20:21 [INFO] routes\backtest.py - Getting all backtests grouped by strategy
2025-06-24 20:20:22 [INFO] routes\backtest.py - Getting all backtests grouped by strategy
2025-06-24 20:20:23 [INFO] routes\backtest.py - Getting all backtests grouped by strategy
2025-06-24 20:20:24 [INFO] routes\backtest.py - Getting all backtests grouped by strategy
2025-06-24 20:20:25 [INFO] routes\backtest.py - Getting all backtests grouped by strategy
2025-06-24 20:20:26 [INFO] routes\backtest.py - Getting all backtests grouped by strategy
2025-06-24 20:20:27 [INFO] routes\backtest.py - Getting all backtests grouped by strategy
2025-06-24 20:20:28 [INFO] routes\backtest.py - Getting all backtests grouped by strategy
2025-06-24 20:20:29 [INFO] routes\backtest.py - Getting all backtests grouped by strategy
2025-06-24 20:20:30 [INFO] routes\backtest.py - Getting all backtests grouped by strategy
2025-06-24 20:20:31 [INFO] routes\backtest.py - Getting all backtests grouped by strategy
2025-06-24 20:20:32 [INFO] routes\backtest.py - Getting all backtests grouped by strategy
2025-06-24 20:20:33 [INFO] routes\backtest.py - Getting all backtests grouped by strategy
2025-06-24 20:20:34 [INFO] routes\backtest.py - Getting all backtests grouped by strategy
2025-06-24 20:20:35 [INFO] routes\backtest.py - Getting all backtests grouped by strategy
2025-06-24 20:20:36 [INFO] routes\backtest.py - Getting all backtests grouped by strategy
2025-06-24 20:20:37 [INFO] routes\backtest.py - Getting all backtests grouped by strategy
2025-06-24 20:20:38 [INFO] routes\backtest.py - Getting all backtests grouped by strategy
2025-06-24 20:20:39 [INFO] routes\backtest.py - Getting all backtests grouped by strategy
2025-06-24 20:20:40 [INFO] routes\backtest.py - Getting all backtests grouped by strategy
2025-06-24 20:20:41 [INFO] routes\backtest.py - Getting all backtests grouped by strategy
2025-06-24 20:20:42 [INFO] routes\backtest.py - Getting all backtests grouped by strategy
2025-06-24 20:20:43 [INFO] routes\backtest.py - Getting all backtests grouped by strategy
2025-06-24 20:20:44 [INFO] routes\backtest.py - Getting all backtests grouped by strategy
2025-06-24 20:20:45 [INFO] routes\backtest.py - Getting all backtests grouped by strategy
2025-06-24 20:20:46 [INFO] routes\backtest.py - Getting all backtests grouped by strategy
2025-06-24 20:20:47 [INFO] routes\backtest.py - Getting all backtests grouped by strategy
2025-06-24 20:20:48 [INFO] routes\backtest.py - Getting all backtests grouped by strategy
2025-06-24 20:20:49 [INFO] routes\backtest.py - Getting all backtests grouped by strategy
2025-06-24 20:20:50 [INFO] routes\backtest.py - Getting all backtests grouped by strategy
2025-06-24 20:20:51 [INFO] routes\backtest.py - Getting all backtests grouped by strategy
2025-06-24 20:20:52 [INFO] routes\backtest.py - Getting all backtests grouped by strategy
2025-06-24 20:20:53 [INFO] routes\backtest.py - Getting all backtests grouped by strategy
2025-06-24 20:20:54 [INFO] routes\backtest.py - Getting all backtests grouped by strategy
2025-06-24 20:20:55 [INFO] routes\backtest.py - Getting all backtests grouped by strategy
2025-06-24 20:20:56 [INFO] routes\backtest.py - Getting all backtests grouped by strategy
2025-06-24 20:20:57 [INFO] routes\backtest.py - Getting all backtests grouped by strategy
2025-06-24 20:20:58 [INFO] routes\backtest.py - Getting all backtests grouped by strategy
2025-06-24 20:20:59 [INFO] routes\backtest.py - Getting all backtests grouped by strategy
2025-06-24 20:21:00 [INFO] routes\backtest.py - Getting all backtests grouped by strategy
2025-06-24 20:21:01 [INFO] routes\backtest.py - Getting all backtests grouped by strategy
2025-06-24 20:21:02 [INFO] routes\backtest.py - Getting all backtests grouped by strategy
2025-06-24 20:21:03 [INFO] routes\backtest.py - Getting all backtests grouped by strategy
2025-06-24 20:21:04 [INFO] routes\backtest.py - Getting all backtests grouped by strategy
2025-06-24 20:21:05 [INFO] routes\backtest.py - Getting all backtests grouped by strategy
2025-06-24 20:21:06 [INFO] routes\backtest.py - Getting all backtests grouped by strategy
2025-06-24 20:21:07 [INFO] routes\backtest.py - Getting all backtests grouped by strategy
2025-06-24 20:21:08 [INFO] routes\backtest.py - Getting all backtests grouped by strategy
2025-06-24 20:21:09 [INFO] routes\backtest.py - Getting all backtests grouped by strategy
2025-06-24 20:21:10 [INFO] routes\backtest.py - Getting all backtests grouped by strategy
2025-06-24 20:21:11 [INFO] routes\backtest.py - Getting all backtests grouped by strategy
2025-06-24 20:21:12 [INFO] routes\backtest.py - Getting all backtests grouped by strategy
2025-06-24 20:21:13 [INFO] routes\backtest.py - Getting all backtests grouped by strategy
2025-06-24 20:21:14 [INFO] routes\backtest.py - Getting all backtests grouped by strategy
2025-06-24 20:21:15 [INFO] routes\backtest.py - Getting all backtests grouped by strategy
2025-06-24 20:21:16 [INFO] routes\backtest.py - Getting all backtests grouped by strategy
2025-06-24 20:21:17 [INFO] routes\backtest.py - Getting all backtests grouped by strategy
2025-06-24 20:21:18 [INFO] routes\backtest.py - Getting all backtests grouped by strategy
2025-06-24 20:21:19 [INFO] routes\backtest.py - Getting all backtests grouped by strategy
2025-06-24 20:21:20 [INFO] routes\backtest.py - Getting all backtests grouped by strategy
2025-06-24 20:21:21 [INFO] routes\backtest.py - Getting all backtests grouped by strategy
2025-06-24 20:21:22 [INFO] routes\backtest.py - Getting all backtests grouped by strategy
2025-06-24 20:21:23 [INFO] routes\backtest.py - Getting all backtests grouped by strategy
2025-06-24 20:21:24 [INFO] routes\backtest.py - Getting all backtests grouped by strategy
2025-06-24 20:21:25 [INFO] routes\backtest.py - Getting all backtests grouped by strategy
2025-06-24 20:21:26 [INFO] routes\backtest.py - Getting all backtests grouped by strategy
2025-06-24 20:21:27 [INFO] routes\backtest.py - Getting all backtests grouped by strategy
2025-06-24 20:21:28 [INFO] routes\backtest.py - Getting all backtests grouped by strategy
2025-06-24 20:21:29 [INFO] routes\backtest.py - Getting all backtests grouped by strategy
2025-06-24 20:21:30 [INFO] routes\backtest.py - Getting all backtests grouped by strategy
2025-06-24 20:21:31 [INFO] routes\backtest.py - Getting all backtests grouped by strategy
2025-06-24 20:21:32 [INFO] routes\backtest.py - Getting all backtests grouped by strategy
2025-06-24 20:21:33 [INFO] routes\backtest.py - Getting all backtests grouped by strategy
2025-06-24 20:21:34 [INFO] routes\backtest.py - Getting all backtests grouped by strategy
2025-06-24 20:21:35 [INFO] routes\backtest.py - Getting all backtests grouped by strategy
2025-06-24 20:21:36 [INFO] routes\backtest.py - Getting all backtests grouped by strategy
2025-06-24 20:21:37 [INFO] routes\backtest.py - Getting all backtests grouped by strategy
2025-06-24 20:21:38 [INFO] routes\backtest.py - Getting all backtests grouped by strategy
2025-06-24 20:21:39 [INFO] routes\backtest.py - Getting all backtests grouped by strategy
2025-06-24 20:21:40 [INFO] routes\backtest.py - Getting all backtests grouped by strategy
2025-06-24 20:21:41 [INFO] routes\backtest.py - Getting all backtests grouped by strategy
2025-06-24 20:21:42 [INFO] routes\backtest.py - Getting all backtests grouped by strategy
2025-06-24 20:21:43 [INFO] routes\backtest.py - Getting all backtests grouped by strategy
2025-06-24 20:21:44 [INFO] routes\backtest.py - Getting all backtests grouped by strategy
2025-06-24 20:21:45 [INFO] routes\backtest.py - Getting all backtests grouped by strategy
2025-06-24 20:21:46 [INFO] routes\backtest.py - Getting all backtests grouped by strategy
2025-06-24 20:21:47 [INFO] routes\backtest.py - Getting all backtests grouped by strategy
2025-06-24 20:21:48 [INFO] routes\backtest.py - Getting all backtests grouped by strategy
2025-06-24 20:21:49 [INFO] routes\backtest.py - Getting all backtests grouped by strategy
2025-06-24 20:21:50 [INFO] routes\backtest.py - Getting all backtests grouped by strategy
2025-06-24 20:21:51 [INFO] routes\backtest.py - Getting all backtests grouped by strategy
2025-06-24 20:21:52 [INFO] routes\backtest.py - Getting all backtests grouped by strategy
2025-06-24 20:21:53 [INFO] routes\backtest.py - Getting all backtests grouped by strategy
2025-06-24 20:21:54 [INFO] routes\backtest.py - Getting all backtests grouped by strategy
2025-06-24 20:21:55 [INFO] routes\backtest.py - Getting all backtests grouped by strategy
2025-06-24 20:21:56 [INFO] routes\backtest.py - Getting all backtests grouped by strategy
2025-06-24 20:21:57 [INFO] routes\backtest.py - Getting all backtests grouped by strategy
2025-06-24 20:21:58 [INFO] routes\backtest.py - Getting all backtests grouped by strategy
2025-06-24 20:21:59 [INFO] routes\backtest.py - Getting all backtests grouped by strategy
2025-06-24 20:22:00 [INFO] routes\backtest.py - Getting all backtests grouped by strategy
2025-06-24 20:22:01 [INFO] routes\backtest.py - Getting all backtests grouped by strategy
2025-06-24 20:22:02 [INFO] routes\backtest.py - Getting all backtests grouped by strategy
2025-06-24 20:22:03 [INFO] routes\backtest.py - Getting all backtests grouped by strategy
2025-06-24 20:22:04 [INFO] routes\backtest.py - Getting all backtests grouped by strategy
2025-06-24 20:22:05 [INFO] routes\backtest.py - Getting all backtests grouped by strategy
2025-06-24 20:22:06 [INFO] routes\backtest.py - Getting all backtests grouped by strategy
2025-06-24 20:22:07 [INFO] routes\backtest.py - Getting all backtests grouped by strategy
2025-06-24 20:22:08 [INFO] routes\backtest.py - Getting all backtests grouped by strategy
2025-06-24 20:22:09 [INFO] routes\backtest.py - Getting all backtests grouped by strategy
2025-06-24 20:22:10 [INFO] routes\backtest.py - Getting all backtests grouped by strategy
2025-06-24 20:22:11 [INFO] routes\backtest.py - Getting all backtests grouped by strategy
2025-06-24 20:22:12 [INFO] routes\backtest.py - Getting all backtests grouped by strategy
2025-06-24 20:22:13 [INFO] routes\backtest.py - Getting all backtests grouped by strategy
2025-06-24 20:22:14 [INFO] routes\backtest.py - Getting all backtests grouped by strategy
2025-06-24 20:22:15 [INFO] routes\backtest.py - Getting all backtests grouped by strategy
2025-06-24 20:22:16 [INFO] routes\backtest.py - Getting all backtests grouped by strategy
2025-06-24 20:22:17 [INFO] routes\backtest.py - Getting all backtests grouped by strategy
2025-06-24 20:22:18 [INFO] routes\backtest.py - Getting all backtests grouped by strategy
2025-06-24 20:22:19 [INFO] routes\backtest.py - Getting all backtests grouped by strategy
2025-06-24 20:22:20 [INFO] routes\backtest.py - Getting all backtests grouped by strategy
2025-06-24 20:22:21 [INFO] routes\backtest.py - Getting all backtests grouped by strategy
2025-06-24 20:22:22 [INFO] routes\backtest.py - Getting all backtests grouped by strategy
2025-06-24 20:22:23 [INFO] routes\backtest.py - Getting all backtests grouped by strategy
2025-06-24 20:22:24 [INFO] routes\backtest.py - Getting all backtests grouped by strategy
2025-06-24 20:22:25 [INFO] routes\backtest.py - Getting all backtests grouped by strategy
2025-06-24 20:22:26 [INFO] routes\backtest.py - Getting all backtests grouped by strategy
2025-06-24 20:22:27 [INFO] routes\backtest.py - Getting all backtests grouped by strategy
2025-06-24 20:22:28 [INFO] routes\backtest.py - Getting all backtests grouped by strategy
2025-06-24 20:22:29 [INFO] routes\backtest.py - Getting all backtests grouped by strategy
2025-06-24 20:22:30 [INFO] routes\backtest.py - Getting all backtests grouped by strategy
2025-06-24 20:22:31 [INFO] routes\backtest.py - Getting all backtests grouped by strategy
2025-06-24 20:22:32 [INFO] routes\backtest.py - Getting all backtests grouped by strategy
2025-06-24 20:22:33 [INFO] routes\backtest.py - Getting all backtests grouped by strategy
2025-06-24 20:22:34 [INFO] routes\backtest.py - Getting all backtests grouped by strategy
2025-06-24 20:22:35 [INFO] routes\backtest.py - Getting all backtests grouped by strategy
2025-06-24 20:22:36 [INFO] routes\backtest.py - Getting all backtests grouped by strategy
2025-06-24 20:22:37 [INFO] routes\backtest.py - Getting all backtests grouped by strategy
2025-06-24 20:22:38 [INFO] routes\backtest.py - Getting all backtests grouped by strategy
2025-06-24 20:22:39 [INFO] routes\backtest.py - Getting all backtests grouped by strategy
2025-06-24 20:22:40 [INFO] routes\backtest.py - Getting all backtests grouped by strategy
2025-06-24 20:22:41 [INFO] routes\backtest.py - Getting all backtests grouped by strategy
2025-06-24 20:22:43 [INFO] routes\backtest.py - Getting all backtests grouped by strategy
2025-06-24 20:22:44 [INFO] routes\backtest.py - Getting all backtests grouped by strategy
2025-06-24 20:22:45 [INFO] routes\backtest.py - Getting all backtests grouped by strategy
2025-06-24 20:22:46 [INFO] routes\backtest.py - Getting all backtests grouped by strategy
2025-06-24 20:22:47 [INFO] routes\backtest.py - Getting all backtests grouped by strategy
2025-06-24 20:22:48 [INFO] routes\backtest.py - Getting all backtests grouped by strategy
2025-06-24 20:22:49 [INFO] routes\backtest.py - Getting all backtests grouped by strategy
2025-06-24 20:22:50 [INFO] routes\backtest.py - Getting all backtests grouped by strategy
2025-06-24 20:22:51 [INFO] routes\backtest.py - Getting all backtests grouped by strategy
2025-06-24 20:22:52 [INFO] routes\backtest.py - Getting all backtests grouped by strategy
2025-06-24 20:22:53 [INFO] routes\backtest.py - Getting all backtests grouped by strategy
2025-06-24 20:22:54 [INFO] routes\backtest.py - Getting all backtests grouped by strategy
2025-06-24 20:22:55 [INFO] routes\backtest.py - Getting all backtests grouped by strategy
2025-06-24 20:22:56 [INFO] routes\backtest.py - Getting all backtests grouped by strategy
2025-06-24 20:22:57 [INFO] routes\backtest.py - Getting all backtests grouped by strategy
2025-06-24 20:22:58 [INFO] routes\backtest.py - Getting all backtests grouped by strategy
2025-06-24 20:22:59 [INFO] routes\backtest.py - Getting all backtests grouped by strategy
2025-06-24 20:23:00 [INFO] routes\backtest.py - Getting all backtests grouped by strategy
2025-06-24 20:23:01 [INFO] routes\backtest.py - Getting all backtests grouped by strategy
2025-06-24 20:23:02 [INFO] routes\backtest.py - Getting all backtests grouped by strategy
2025-06-24 20:23:03 [INFO] routes\backtest.py - Getting all backtests grouped by strategy
2025-06-24 20:23:04 [INFO] routes\backtest.py - Getting all backtests grouped by strategy
2025-06-24 20:23:05 [INFO] routes\backtest.py - Getting all backtests grouped by strategy
2025-06-24 20:23:06 [INFO] routes\backtest.py - Getting all backtests grouped by strategy
2025-06-24 20:23:07 [INFO] routes\backtest.py - Getting all backtests grouped by strategy
2025-06-24 20:23:08 [INFO] routes\backtest.py - Getting all backtests grouped by strategy
2025-06-24 20:23:09 [INFO] routes\backtest.py - Getting all backtests grouped by strategy
2025-06-24 20:23:10 [INFO] routes\backtest.py - Getting all backtests grouped by strategy
2025-06-24 20:23:11 [INFO] routes\backtest.py - Getting all backtests grouped by strategy
2025-06-24 20:23:12 [INFO] routes\backtest.py - Getting all backtests grouped by strategy
2025-06-24 20:23:13 [INFO] routes\backtest.py - Getting all backtests grouped by strategy
2025-06-24 20:23:14 [INFO] routes\backtest.py - Getting all backtests grouped by strategy
2025-06-24 20:23:15 [INFO] routes\backtest.py - Getting all backtests grouped by strategy
2025-06-24 20:23:16 [INFO] routes\backtest.py - Getting all backtests grouped by strategy
2025-06-24 20:23:17 [INFO] routes\backtest.py - Getting all backtests grouped by strategy
2025-06-24 20:23:18 [INFO] routes\backtest.py - Getting all backtests grouped by strategy
2025-06-24 20:23:19 [INFO] routes\backtest.py - Getting all backtests grouped by strategy
2025-06-24 20:23:20 [INFO] routes\backtest.py - Getting all backtests grouped by strategy
2025-06-24 20:23:21 [INFO] routes\backtest.py - Getting all backtests grouped by strategy
2025-06-24 20:23:22 [INFO] routes\backtest.py - Getting all backtests grouped by strategy
2025-06-24 20:23:23 [INFO] routes\backtest.py - Getting all backtests grouped by strategy
2025-06-24 20:23:24 [INFO] routes\backtest.py - Getting all backtests grouped by strategy
2025-06-24 20:23:25 [INFO] routes\backtest.py - Getting all backtests grouped by strategy
2025-06-24 20:23:26 [INFO] routes\backtest.py - Getting all backtests grouped by strategy
2025-06-24 20:23:27 [INFO] routes\backtest.py - Getting all backtests grouped by strategy
2025-06-24 20:23:28 [INFO] routes\backtest.py - Getting all backtests grouped by strategy
2025-06-24 20:23:29 [INFO] routes\backtest.py - Getting all backtests grouped by strategy
2025-06-24 20:23:30 [INFO] routes\backtest.py - Getting all backtests grouped by strategy
2025-06-24 20:23:31 [INFO] routes\backtest.py - Getting all backtests grouped by strategy
2025-06-24 20:23:32 [INFO] routes\backtest.py - Getting all backtests grouped by strategy
2025-06-24 20:23:33 [INFO] routes\backtest.py - Getting all backtests grouped by strategy
2025-06-24 20:23:34 [INFO] routes\backtest.py - Getting all backtests grouped by strategy
2025-06-24 20:23:35 [INFO] routes\backtest.py - Getting all backtests grouped by strategy
2025-06-24 20:23:36 [INFO] routes\backtest.py - Getting all backtests grouped by strategy
2025-06-24 20:23:37 [INFO] routes\backtest.py - Getting all backtests grouped by strategy
2025-06-24 20:23:38 [INFO] routes\backtest.py - Getting all backtests grouped by strategy
2025-06-24 20:23:39 [INFO] routes\backtest.py - Getting all backtests grouped by strategy
2025-06-24 20:23:40 [INFO] routes\backtest.py - Getting all backtests grouped by strategy
2025-06-24 20:23:41 [INFO] routes\backtest.py - Getting all backtests grouped by strategy
2025-06-24 20:24:00 [INFO] routes\backtest.py - Getting all backtests grouped by strategy
2025-06-24 20:24:44 [INFO] routes\backtest.py - Getting all backtests grouped by strategy
2025-06-24 20:24:45 [INFO] routes\backtest.py - Getting all backtests grouped by strategy
2025-06-24 20:24:46 [INFO] routes\backtest.py - Getting all backtests grouped by strategy
2025-06-24 20:24:47 [INFO] routes\backtest.py - Getting all backtests grouped by strategy
2025-06-24 20:28:46 [INFO] routes\task.py - Incoming connection...
2025-06-24 20:28:46 [INFO] routes\task.py - Connection accepted
2025-06-24 20:28:46 [DEBUG] routes\task.py - task_logs {'data': {}}
2025-06-24 20:28:46 [INFO] routes\task.py - Incoming connection...
2025-06-24 20:28:46 [INFO] routes\task.py - Connection accepted
2025-06-24 20:28:46 [DEBUG] routes\task.py - task_logs {'data': {}}
